Aug 27 2018 01:53:31
{"Number":2,"Message":"opendir(D:\\localdev\\htdocs\\impossible\/wp-content\/cache\\db\\options\\,D:\\localdev\\htdocs\\impossible\/wp-content\/cache\\db\\options\\): The system cannot find the file specified. (code: 2)","File":"D:\\localdev\\htdocs\\impossible\\wp-content\\plugins\\w3-total-cache\\Util_File.php","Line":124}

Aug 27 2018 01:53:31
{"Number":2,"Message":"opendir(D:\\localdev\\htdocs\\impossible\/wp-content\/cache\\db\\options\\): failed to open dir: No such file or directory","File":"D:\\localdev\\htdocs\\impossible\\wp-content\\plugins\\w3-total-cache\\Util_File.php","Line":124}

Aug 27 2018 01:53:32
{"type":2,"message":"opendir(D:\\localdev\\htdocs\\impossible\/wp-content\/cache\\db\\options\\): failed to open dir: No such file or directory","file":"D:\\localdev\\htdocs\\impossible\\wp-content\\plugins\\w3-total-cache\\Util_File.php","line":124}

Aug 27 2018 01:53:33
{"Number":2,"Message":"opendir(D:\\localdev\\htdocs\\impossible\/wp-content\/cache\\db\\options\\,D:\\localdev\\htdocs\\impossible\/wp-content\/cache\\db\\options\\): The system cannot find the file specified. (code: 2)","File":"D:\\localdev\\htdocs\\impossible\\wp-content\\plugins\\w3-total-cache\\Util_File.php","Line":124}

Aug 27 2018 01:53:33
{"Number":2,"Message":"opendir(D:\\localdev\\htdocs\\impossible\/wp-content\/cache\\db\\options\\): failed to open dir: No such file or directory","File":"D:\\localdev\\htdocs\\impossible\\wp-content\\plugins\\w3-total-cache\\Util_File.php","Line":124}

Aug 27 2018 01:53:33
{"Number":2,"Message":"opendir(D:\\localdev\\htdocs\\impossible\/wp-content\/cache\\db\\options\\,D:\\localdev\\htdocs\\impossible\/wp-content\/cache\\db\\options\\): The system cannot find the file specified. (code: 2)","File":"D:\\localdev\\htdocs\\impossible\\wp-content\\plugins\\w3-total-cache\\Util_File.php","Line":124}

Aug 27 2018 01:53:33
{"Number":2,"Message":"opendir(D:\\localdev\\htdocs\\impossible\/wp-content\/cache\\db\\options\\): failed to open dir: No such file or directory","File":"D:\\localdev\\htdocs\\impossible\\wp-content\\plugins\\w3-total-cache\\Util_File.php","Line":124}

Aug 27 2018 01:53:33
{"type":2,"message":"opendir(D:\\localdev\\htdocs\\impossible\/wp-content\/cache\\db\\options\\): failed to open dir: No such file or directory","file":"D:\\localdev\\htdocs\\impossible\\wp-content\\plugins\\w3-total-cache\\Util_File.php","line":124}

Aug 27 2018 01:53:34
{"Number":2,"Message":"opendir(D:\\localdev\\htdocs\\impossible\/wp-content\/cache\\db\\options\\,D:\\localdev\\htdocs\\impossible\/wp-content\/cache\\db\\options\\): The system cannot find the file specified. (code: 2)","File":"D:\\localdev\\htdocs\\impossible\\wp-content\\plugins\\w3-total-cache\\Util_File.php","Line":124}

Aug 27 2018 01:53:34
{"Number":2,"Message":"opendir(D:\\localdev\\htdocs\\impossible\/wp-content\/cache\\db\\options\\): failed to open dir: No such file or directory","File":"D:\\localdev\\htdocs\\impossible\\wp-content\\plugins\\w3-total-cache\\Util_File.php","Line":124}

Aug 27 2018 01:53:34
{"Number":2,"Message":"opendir(D:\\localdev\\htdocs\\impossible\/wp-content\/cache\\db\\options\\,D:\\localdev\\htdocs\\impossible\/wp-content\/cache\\db\\options\\): The system cannot find the file specified. (code: 2)","File":"D:\\localdev\\htdocs\\impossible\\wp-content\\plugins\\w3-total-cache\\Util_File.php","Line":124}

Aug 27 2018 01:53:34
{"Number":2,"Message":"opendir(D:\\localdev\\htdocs\\impossible\/wp-content\/cache\\db\\options\\): failed to open dir: No such file or directory","File":"D:\\localdev\\htdocs\\impossible\\wp-content\\plugins\\w3-total-cache\\Util_File.php","Line":124}

Aug 27 2018 01:53:34
{"type":2,"message":"opendir(D:\\localdev\\htdocs\\impossible\/wp-content\/cache\\db\\options\\): failed to open dir: No such file or directory","file":"D:\\localdev\\htdocs\\impossible\\wp-content\\plugins\\w3-total-cache\\Util_File.php","line":124}

Aug 27 2018 01:53:36
{"Number":2,"Message":"opendir(D:\\localdev\\htdocs\\impossible\/wp-content\/cache\\db\\options\\,D:\\localdev\\htdocs\\impossible\/wp-content\/cache\\db\\options\\): The system cannot find the file specified. (code: 2)","File":"D:\\localdev\\htdocs\\impossible\\wp-content\\plugins\\w3-total-cache\\Util_File.php","Line":124}

Aug 27 2018 01:53:36
{"Number":2,"Message":"opendir(D:\\localdev\\htdocs\\impossible\/wp-content\/cache\\db\\options\\): failed to open dir: No such file or directory","File":"D:\\localdev\\htdocs\\impossible\\wp-content\\plugins\\w3-total-cache\\Util_File.php","Line":124}

Aug 27 2018 01:53:36
{"Number":2,"Message":"opendir(D:\\localdev\\htdocs\\impossible\/wp-content\/cache\\db\\options\\,D:\\localdev\\htdocs\\impossible\/wp-content\/cache\\db\\options\\): The system cannot find the file specified. (code: 2)","File":"D:\\localdev\\htdocs\\impossible\\wp-content\\plugins\\w3-total-cache\\Util_File.php","Line":124}

Aug 27 2018 01:53:36
{"Number":2,"Message":"opendir(D:\\localdev\\htdocs\\impossible\/wp-content\/cache\\db\\options\\): failed to open dir: No such file or directory","File":"D:\\localdev\\htdocs\\impossible\\wp-content\\plugins\\w3-total-cache\\Util_File.php","Line":124}

Aug 27 2018 01:53:36
{"type":2,"message":"opendir(D:\\localdev\\htdocs\\impossible\/wp-content\/cache\\db\\options\\): failed to open dir: No such file or directory","file":"D:\\localdev\\htdocs\\impossible\\wp-content\\plugins\\w3-total-cache\\Util_File.php","line":124}

Aug 27 2018 01:53:37
{"Number":2,"Message":"opendir(D:\\localdev\\htdocs\\impossible\/wp-content\/cache\\db\\options\\,D:\\localdev\\htdocs\\impossible\/wp-content\/cache\\db\\options\\): The system cannot find the file specified. (code: 2)","File":"D:\\localdev\\htdocs\\impossible\\wp-content\\plugins\\w3-total-cache\\Util_File.php","Line":124}

Aug 27 2018 01:53:37
{"Number":2,"Message":"opendir(D:\\localdev\\htdocs\\impossible\/wp-content\/cache\\db\\options\\): failed to open dir: No such file or directory","File":"D:\\localdev\\htdocs\\impossible\\wp-content\\plugins\\w3-total-cache\\Util_File.php","Line":124}

Aug 27 2018 01:53:38
{"Number":2,"Message":"opendir(D:\\localdev\\htdocs\\impossible\/wp-content\/cache\\db\\options\\,D:\\localdev\\htdocs\\impossible\/wp-content\/cache\\db\\options\\): The system cannot find the file specified. (code: 2)","File":"D:\\localdev\\htdocs\\impossible\\wp-content\\plugins\\w3-total-cache\\Util_File.php","Line":124}

Aug 27 2018 01:53:38
{"Number":2,"Message":"opendir(D:\\localdev\\htdocs\\impossible\/wp-content\/cache\\db\\options\\): failed to open dir: No such file or directory","File":"D:\\localdev\\htdocs\\impossible\\wp-content\\plugins\\w3-total-cache\\Util_File.php","Line":124}

Aug 27 2018 01:53:38
{"type":2,"message":"opendir(D:\\localdev\\htdocs\\impossible\/wp-content\/cache\\db\\options\\): failed to open dir: No such file or directory","file":"D:\\localdev\\htdocs\\impossible\\wp-content\\plugins\\w3-total-cache\\Util_File.php","line":124}

Aug 27 2018 01:53:40
{"Number":2,"Message":"opendir(D:\\localdev\\htdocs\\impossible\/wp-content\/cache\\db\\options\\,D:\\localdev\\htdocs\\impossible\/wp-content\/cache\\db\\options\\): The system cannot find the file specified. (code: 2)","File":"D:\\localdev\\htdocs\\impossible\\wp-content\\plugins\\w3-total-cache\\Util_File.php","Line":124}

Aug 27 2018 01:53:40
{"Number":2,"Message":"opendir(D:\\localdev\\htdocs\\impossible\/wp-content\/cache\\db\\options\\): failed to open dir: No such file or directory","File":"D:\\localdev\\htdocs\\impossible\\wp-content\\plugins\\w3-total-cache\\Util_File.php","Line":124}

Aug 27 2018 01:53:40
{"Number":2,"Message":"opendir(D:\\localdev\\htdocs\\impossible\/wp-content\/cache\\db\\options\\,D:\\localdev\\htdocs\\impossible\/wp-content\/cache\\db\\options\\): The system cannot find the file specified. (code: 2)","File":"D:\\localdev\\htdocs\\impossible\\wp-content\\plugins\\w3-total-cache\\Util_File.php","Line":124}

Aug 27 2018 01:53:40
{"Number":2,"Message":"opendir(D:\\localdev\\htdocs\\impossible\/wp-content\/cache\\db\\options\\): failed to open dir: No such file or directory","File":"D:\\localdev\\htdocs\\impossible\\wp-content\\plugins\\w3-total-cache\\Util_File.php","Line":124}

Aug 27 2018 01:53:40
{"Number":2,"Message":"opendir(D:\\localdev\\htdocs\\impossible\/wp-content\/cache\\db\\options\\,D:\\localdev\\htdocs\\impossible\/wp-content\/cache\\db\\options\\): The system cannot find the file specified. (code: 2)","File":"D:\\localdev\\htdocs\\impossible\\wp-content\\plugins\\w3-total-cache\\Util_File.php","Line":124}

Aug 27 2018 01:53:40
{"Number":2,"Message":"opendir(D:\\localdev\\htdocs\\impossible\/wp-content\/cache\\db\\options\\): failed to open dir: No such file or directory","File":"D:\\localdev\\htdocs\\impossible\\wp-content\\plugins\\w3-total-cache\\Util_File.php","Line":124}

Aug 27 2018 01:53:40
{"Number":2,"Message":"opendir(D:\\localdev\\htdocs\\impossible\/wp-content\/cache\\db\\options\\,D:\\localdev\\htdocs\\impossible\/wp-content\/cache\\db\\options\\): The system cannot find the file specified. (code: 2)","File":"D:\\localdev\\htdocs\\impossible\\wp-content\\plugins\\w3-total-cache\\Util_File.php","Line":124}

Aug 27 2018 01:53:40
{"Number":2,"Message":"opendir(D:\\localdev\\htdocs\\impossible\/wp-content\/cache\\db\\options\\): failed to open dir: No such file or directory","File":"D:\\localdev\\htdocs\\impossible\\wp-content\\plugins\\w3-total-cache\\Util_File.php","Line":124}

Aug 27 2018 01:53:40
{"Number":2,"Message":"opendir(D:\\localdev\\htdocs\\impossible\/wp-content\/cache\\db\\options\\,D:\\localdev\\htdocs\\impossible\/wp-content\/cache\\db\\options\\): The system cannot find the file specified. (code: 2)","File":"D:\\localdev\\htdocs\\impossible\\wp-content\\plugins\\w3-total-cache\\Util_File.php","Line":124}

Aug 27 2018 01:53:40
{"Number":2,"Message":"opendir(D:\\localdev\\htdocs\\impossible\/wp-content\/cache\\db\\options\\): failed to open dir: No such file or directory","File":"D:\\localdev\\htdocs\\impossible\\wp-content\\plugins\\w3-total-cache\\Util_File.php","Line":124}

Aug 27 2018 01:53:40
{"Number":2,"Message":"opendir(D:\\localdev\\htdocs\\impossible\/wp-content\/cache\\db\\options\\,D:\\localdev\\htdocs\\impossible\/wp-content\/cache\\db\\options\\): The system cannot find the file specified. (code: 2)","File":"D:\\localdev\\htdocs\\impossible\\wp-content\\plugins\\w3-total-cache\\Util_File.php","Line":124}

Aug 27 2018 01:53:40
{"Number":2,"Message":"opendir(D:\\localdev\\htdocs\\impossible\/wp-content\/cache\\db\\options\\): failed to open dir: No such file or directory","File":"D:\\localdev\\htdocs\\impossible\\wp-content\\plugins\\w3-total-cache\\Util_File.php","Line":124}

Aug 27 2018 01:53:40
{"Number":2,"Message":"opendir(D:\\localdev\\htdocs\\impossible\/wp-content\/cache\\db\\options\\,D:\\localdev\\htdocs\\impossible\/wp-content\/cache\\db\\options\\): The system cannot find the file specified. (code: 2)","File":"D:\\localdev\\htdocs\\impossible\\wp-content\\plugins\\w3-total-cache\\Util_File.php","Line":124}

Aug 27 2018 01:53:40
{"Number":2,"Message":"opendir(D:\\localdev\\htdocs\\impossible\/wp-content\/cache\\db\\options\\): failed to open dir: No such file or directory","File":"D:\\localdev\\htdocs\\impossible\\wp-content\\plugins\\w3-total-cache\\Util_File.php","Line":124}

Aug 27 2018 01:53:40
{"Number":2,"Message":"opendir(D:\\localdev\\htdocs\\impossible\/wp-content\/cache\\db\\options\\,D:\\localdev\\htdocs\\impossible\/wp-content\/cache\\db\\options\\): The system cannot find the file specified. (code: 2)","File":"D:\\localdev\\htdocs\\impossible\\wp-content\\plugins\\w3-total-cache\\Util_File.php","Line":124}

Aug 27 2018 01:53:40
{"Number":2,"Message":"opendir(D:\\localdev\\htdocs\\impossible\/wp-content\/cache\\db\\options\\): failed to open dir: No such file or directory","File":"D:\\localdev\\htdocs\\impossible\\wp-content\\plugins\\w3-total-cache\\Util_File.php","Line":124}

Aug 27 2018 01:53:40
{"Number":2,"Message":"opendir(D:\\localdev\\htdocs\\impossible\/wp-content\/cache\\db\\options\\,D:\\localdev\\htdocs\\impossible\/wp-content\/cache\\db\\options\\): The system cannot find the file specified. (code: 2)","File":"D:\\localdev\\htdocs\\impossible\\wp-content\\plugins\\w3-total-cache\\Util_File.php","Line":124}

Aug 27 2018 01:53:40
{"Number":2,"Message":"opendir(D:\\localdev\\htdocs\\impossible\/wp-content\/cache\\db\\options\\): failed to open dir: No such file or directory","File":"D:\\localdev\\htdocs\\impossible\\wp-content\\plugins\\w3-total-cache\\Util_File.php","Line":124}

Aug 27 2018 01:53:41
{"Number":2,"Message":"opendir(D:\\localdev\\htdocs\\impossible\/wp-content\/cache\\db\\options\\,D:\\localdev\\htdocs\\impossible\/wp-content\/cache\\db\\options\\): The system cannot find the file specified. (code: 2)","File":"D:\\localdev\\htdocs\\impossible\\wp-content\\plugins\\w3-total-cache\\Util_File.php","Line":124}

Aug 27 2018 01:53:41
{"Number":2,"Message":"opendir(D:\\localdev\\htdocs\\impossible\/wp-content\/cache\\db\\options\\): failed to open dir: No such file or directory","File":"D:\\localdev\\htdocs\\impossible\\wp-content\\plugins\\w3-total-cache\\Util_File.php","Line":124}

Aug 27 2018 01:53:41
{"Number":2,"Message":"opendir(D:\\localdev\\htdocs\\impossible\/wp-content\/cache\\db\\options\\,D:\\localdev\\htdocs\\impossible\/wp-content\/cache\\db\\options\\): The system cannot find the file specified. (code: 2)","File":"D:\\localdev\\htdocs\\impossible\\wp-content\\plugins\\w3-total-cache\\Util_File.php","Line":124}

Aug 27 2018 01:53:41
{"Number":2,"Message":"opendir(D:\\localdev\\htdocs\\impossible\/wp-content\/cache\\db\\options\\): failed to open dir: No such file or directory","File":"D:\\localdev\\htdocs\\impossible\\wp-content\\plugins\\w3-total-cache\\Util_File.php","Line":124}

Aug 27 2018 01:53:42
{"Number":2,"Message":"opendir(D:\\localdev\\htdocs\\impossible\/wp-content\/cache\\db\\options\\,D:\\localdev\\htdocs\\impossible\/wp-content\/cache\\db\\options\\): The system cannot find the file specified. (code: 2)","File":"D:\\localdev\\htdocs\\impossible\\wp-content\\plugins\\w3-total-cache\\Util_File.php","Line":124}

Aug 27 2018 01:53:42
{"Number":2,"Message":"opendir(D:\\localdev\\htdocs\\impossible\/wp-content\/cache\\db\\options\\): failed to open dir: No such file or directory","File":"D:\\localdev\\htdocs\\impossible\\wp-content\\plugins\\w3-total-cache\\Util_File.php","Line":124}

Aug 27 2018 01:53:42
{"Number":2,"Message":"opendir(D:\\localdev\\htdocs\\impossible\/wp-content\/cache\\db\\options\\,D:\\localdev\\htdocs\\impossible\/wp-content\/cache\\db\\options\\): The system cannot find the file specified. (code: 2)","File":"D:\\localdev\\htdocs\\impossible\\wp-content\\plugins\\w3-total-cache\\Util_File.php","Line":124}

Aug 27 2018 01:53:42
{"Number":2,"Message":"opendir(D:\\localdev\\htdocs\\impossible\/wp-content\/cache\\db\\options\\): failed to open dir: No such file or directory","File":"D:\\localdev\\htdocs\\impossible\\wp-content\\plugins\\w3-total-cache\\Util_File.php","Line":124}

Aug 27 2018 01:53:42
{"Number":2,"Message":"opendir(D:\\localdev\\htdocs\\impossible\/wp-content\/cache\\db\\options\\,D:\\localdev\\htdocs\\impossible\/wp-content\/cache\\db\\options\\): The system cannot find the file specified. (code: 2)","File":"D:\\localdev\\htdocs\\impossible\\wp-content\\plugins\\w3-total-cache\\Util_File.php","Line":124}

Aug 27 2018 01:53:42
{"Number":2,"Message":"opendir(D:\\localdev\\htdocs\\impossible\/wp-content\/cache\\db\\options\\): failed to open dir: No such file or directory","File":"D:\\localdev\\htdocs\\impossible\\wp-content\\plugins\\w3-total-cache\\Util_File.php","Line":124}

Aug 27 2018 01:53:42
{"Number":2,"Message":"opendir(D:\\localdev\\htdocs\\impossible\/wp-content\/cache\\db\\options\\,D:\\localdev\\htdocs\\impossible\/wp-content\/cache\\db\\options\\): The system cannot find the file specified. (code: 2)","File":"D:\\localdev\\htdocs\\impossible\\wp-content\\plugins\\w3-total-cache\\Util_File.php","Line":124}

Aug 27 2018 01:53:42
{"Number":2,"Message":"opendir(D:\\localdev\\htdocs\\impossible\/wp-content\/cache\\db\\options\\): failed to open dir: No such file or directory","File":"D:\\localdev\\htdocs\\impossible\\wp-content\\plugins\\w3-total-cache\\Util_File.php","Line":124}

Aug 27 2018 01:53:42
{"Number":2,"Message":"opendir(D:\\localdev\\htdocs\\impossible\/wp-content\/cache\\db\\options\\,D:\\localdev\\htdocs\\impossible\/wp-content\/cache\\db\\options\\): The system cannot find the file specified. (code: 2)","File":"D:\\localdev\\htdocs\\impossible\\wp-content\\plugins\\w3-total-cache\\Util_File.php","Line":124}

Aug 27 2018 01:53:42
{"Number":2,"Message":"opendir(D:\\localdev\\htdocs\\impossible\/wp-content\/cache\\db\\options\\): failed to open dir: No such file or directory","File":"D:\\localdev\\htdocs\\impossible\\wp-content\\plugins\\w3-total-cache\\Util_File.php","Line":124}

Aug 27 2018 01:53:42
{"Number":2,"Message":"opendir(D:\\localdev\\htdocs\\impossible\/wp-content\/cache\\db\\options\\,D:\\localdev\\htdocs\\impossible\/wp-content\/cache\\db\\options\\): The system cannot find the file specified. (code: 2)","File":"D:\\localdev\\htdocs\\impossible\\wp-content\\plugins\\w3-total-cache\\Util_File.php","Line":124}

Aug 27 2018 01:53:42
{"Number":2,"Message":"opendir(D:\\localdev\\htdocs\\impossible\/wp-content\/cache\\db\\options\\): failed to open dir: No such file or directory","File":"D:\\localdev\\htdocs\\impossible\\wp-content\\plugins\\w3-total-cache\\Util_File.php","Line":124}

Aug 27 2018 01:53:43
{"Number":2,"Message":"opendir(D:\\localdev\\htdocs\\impossible\/wp-content\/cache\\db\\options\\,D:\\localdev\\htdocs\\impossible\/wp-content\/cache\\db\\options\\): The system cannot find the file specified. (code: 2)","File":"D:\\localdev\\htdocs\\impossible\\wp-content\\plugins\\w3-total-cache\\Util_File.php","Line":124}

Aug 27 2018 01:53:43
{"Number":2,"Message":"opendir(D:\\localdev\\htdocs\\impossible\/wp-content\/cache\\db\\options\\): failed to open dir: No such file or directory","File":"D:\\localdev\\htdocs\\impossible\\wp-content\\plugins\\w3-total-cache\\Util_File.php","Line":124}

Aug 27 2018 01:53:43
{"Number":2,"Message":"opendir(D:\\localdev\\htdocs\\impossible\/wp-content\/cache\\db\\options\\,D:\\localdev\\htdocs\\impossible\/wp-content\/cache\\db\\options\\): The system cannot find the file specified. (code: 2)","File":"D:\\localdev\\htdocs\\impossible\\wp-content\\plugins\\w3-total-cache\\Util_File.php","Line":124}

Aug 27 2018 01:53:43
{"Number":2,"Message":"opendir(D:\\localdev\\htdocs\\impossible\/wp-content\/cache\\db\\options\\): failed to open dir: No such file or directory","File":"D:\\localdev\\htdocs\\impossible\\wp-content\\plugins\\w3-total-cache\\Util_File.php","Line":124}

Aug 27 2018 01:53:43
{"Number":2,"Message":"opendir(D:\\localdev\\htdocs\\impossible\/wp-content\/cache\\db\\options\\,D:\\localdev\\htdocs\\impossible\/wp-content\/cache\\db\\options\\): The system cannot find the file specified. (code: 2)","File":"D:\\localdev\\htdocs\\impossible\\wp-content\\plugins\\w3-total-cache\\Util_File.php","Line":124}

Aug 27 2018 01:53:43
{"Number":2,"Message":"opendir(D:\\localdev\\htdocs\\impossible\/wp-content\/cache\\db\\options\\): failed to open dir: No such file or directory","File":"D:\\localdev\\htdocs\\impossible\\wp-content\\plugins\\w3-total-cache\\Util_File.php","Line":124}

Aug 27 2018 01:53:43
{"Number":2,"Message":"opendir(D:\\localdev\\htdocs\\impossible\/wp-content\/cache\\db\\options\\,D:\\localdev\\htdocs\\impossible\/wp-content\/cache\\db\\options\\): The system cannot find the file specified. (code: 2)","File":"D:\\localdev\\htdocs\\impossible\\wp-content\\plugins\\w3-total-cache\\Util_File.php","Line":124}

Aug 27 2018 01:53:43
{"Number":2,"Message":"opendir(D:\\localdev\\htdocs\\impossible\/wp-content\/cache\\db\\options\\): failed to open dir: No such file or directory","File":"D:\\localdev\\htdocs\\impossible\\wp-content\\plugins\\w3-total-cache\\Util_File.php","Line":124}

Aug 27 2018 01:53:43
{"Number":2,"Message":"opendir(D:\\localdev\\htdocs\\impossible\/wp-content\/cache\\db\\options\\,D:\\localdev\\htdocs\\impossible\/wp-content\/cache\\db\\options\\): The system cannot find the file specified. (code: 2)","File":"D:\\localdev\\htdocs\\impossible\\wp-content\\plugins\\w3-total-cache\\Util_File.php","Line":124}

Aug 27 2018 01:53:43
{"Number":2,"Message":"opendir(D:\\localdev\\htdocs\\impossible\/wp-content\/cache\\db\\options\\): failed to open dir: No such file or directory","File":"D:\\localdev\\htdocs\\impossible\\wp-content\\plugins\\w3-total-cache\\Util_File.php","Line":124}

Aug 27 2018 01:53:44
{"Number":2,"Message":"opendir(D:\\localdev\\htdocs\\impossible\/wp-content\/cache\\db\\options\\,D:\\localdev\\htdocs\\impossible\/wp-content\/cache\\db\\options\\): The system cannot find the file specified. (code: 2)","File":"D:\\localdev\\htdocs\\impossible\\wp-content\\plugins\\w3-total-cache\\Util_File.php","Line":124}

Aug 27 2018 01:53:44
{"Number":2,"Message":"opendir(D:\\localdev\\htdocs\\impossible\/wp-content\/cache\\db\\options\\): failed to open dir: No such file or directory","File":"D:\\localdev\\htdocs\\impossible\\wp-content\\plugins\\w3-total-cache\\Util_File.php","Line":124}

Aug 27 2018 01:53:44
{"Number":2,"Message":"opendir(D:\\localdev\\htdocs\\impossible\/wp-content\/cache\\db\\options\\,D:\\localdev\\htdocs\\impossible\/wp-content\/cache\\db\\options\\): The system cannot find the file specified. (code: 2)","File":"D:\\localdev\\htdocs\\impossible\\wp-content\\plugins\\w3-total-cache\\Util_File.php","Line":124}

Aug 27 2018 01:53:44
{"Number":2,"Message":"opendir(D:\\localdev\\htdocs\\impossible\/wp-content\/cache\\db\\options\\): failed to open dir: No such file or directory","File":"D:\\localdev\\htdocs\\impossible\\wp-content\\plugins\\w3-total-cache\\Util_File.php","Line":124}

Aug 27 2018 01:53:44
{"Number":2,"Message":"opendir(D:\\localdev\\htdocs\\impossible\/wp-content\/cache\\db\\options\\,D:\\localdev\\htdocs\\impossible\/wp-content\/cache\\db\\options\\): The system cannot find the file specified. (code: 2)","File":"D:\\localdev\\htdocs\\impossible\\wp-content\\plugins\\w3-total-cache\\Util_File.php","Line":124}

Aug 27 2018 01:53:45
{"Number":2,"Message":"opendir(D:\\localdev\\htdocs\\impossible\/wp-content\/cache\\db\\options\\): failed to open dir: No such file or directory","File":"D:\\localdev\\htdocs\\impossible\\wp-content\\plugins\\w3-total-cache\\Util_File.php","Line":124}

Aug 27 2018 01:53:45
{"Number":2,"Message":"opendir(D:\\localdev\\htdocs\\impossible\/wp-content\/cache\\db\\options\\,D:\\localdev\\htdocs\\impossible\/wp-content\/cache\\db\\options\\): The system cannot find the file specified. (code: 2)","File":"D:\\localdev\\htdocs\\impossible\\wp-content\\plugins\\w3-total-cache\\Util_File.php","Line":124}

Aug 27 2018 01:53:45
{"Number":2,"Message":"opendir(D:\\localdev\\htdocs\\impossible\/wp-content\/cache\\db\\options\\): failed to open dir: No such file or directory","File":"D:\\localdev\\htdocs\\impossible\\wp-content\\plugins\\w3-total-cache\\Util_File.php","Line":124}

Aug 27 2018 01:53:45
{"Number":2,"Message":"opendir(D:\\localdev\\htdocs\\impossible\/wp-content\/cache\\db\\options\\,D:\\localdev\\htdocs\\impossible\/wp-content\/cache\\db\\options\\): The system cannot find the file specified. (code: 2)","File":"D:\\localdev\\htdocs\\impossible\\wp-content\\plugins\\w3-total-cache\\Util_File.php","Line":124}

Aug 27 2018 01:53:45
{"Number":2,"Message":"opendir(D:\\localdev\\htdocs\\impossible\/wp-content\/cache\\db\\options\\): failed to open dir: No such file or directory","File":"D:\\localdev\\htdocs\\impossible\\wp-content\\plugins\\w3-total-cache\\Util_File.php","Line":124}

Aug 27 2018 01:53:45
{"Number":2,"Message":"opendir(D:\\localdev\\htdocs\\impossible\/wp-content\/cache\\db\\options\\,D:\\localdev\\htdocs\\impossible\/wp-content\/cache\\db\\options\\): The system cannot find the file specified. (code: 2)","File":"D:\\localdev\\htdocs\\impossible\\wp-content\\plugins\\w3-total-cache\\Util_File.php","Line":124}

Aug 27 2018 01:53:45
{"Number":2,"Message":"opendir(D:\\localdev\\htdocs\\impossible\/wp-content\/cache\\db\\options\\): failed to open dir: No such file or directory","File":"D:\\localdev\\htdocs\\impossible\\wp-content\\plugins\\w3-total-cache\\Util_File.php","Line":124}

Aug 27 2018 01:53:45
{"Number":2,"Message":"opendir(D:\\localdev\\htdocs\\impossible\/wp-content\/cache\\db\\options\\,D:\\localdev\\htdocs\\impossible\/wp-content\/cache\\db\\options\\): The system cannot find the file specified. (code: 2)","File":"D:\\localdev\\htdocs\\impossible\\wp-content\\plugins\\w3-total-cache\\Util_File.php","Line":124}

Aug 27 2018 01:53:46
{"Number":2,"Message":"opendir(D:\\localdev\\htdocs\\impossible\/wp-content\/cache\\db\\options\\): failed to open dir: No such file or directory","File":"D:\\localdev\\htdocs\\impossible\\wp-content\\plugins\\w3-total-cache\\Util_File.php","Line":124}

Aug 27 2018 01:53:46
{"Number":2,"Message":"opendir(D:\\localdev\\htdocs\\impossible\/wp-content\/cache\\db\\options\\,D:\\localdev\\htdocs\\impossible\/wp-content\/cache\\db\\options\\): The system cannot find the file specified. (code: 2)","File":"D:\\localdev\\htdocs\\impossible\\wp-content\\plugins\\w3-total-cache\\Util_File.php","Line":124}

Aug 27 2018 01:53:46
{"Number":2,"Message":"opendir(D:\\localdev\\htdocs\\impossible\/wp-content\/cache\\db\\options\\): failed to open dir: No such file or directory","File":"D:\\localdev\\htdocs\\impossible\\wp-content\\plugins\\w3-total-cache\\Util_File.php","Line":124}

Aug 27 2018 01:53:46
{"Number":2,"Message":"opendir(D:\\localdev\\htdocs\\impossible\/wp-content\/cache\\db\\options\\,D:\\localdev\\htdocs\\impossible\/wp-content\/cache\\db\\options\\): The system cannot find the file specified. (code: 2)","File":"D:\\localdev\\htdocs\\impossible\\wp-content\\plugins\\w3-total-cache\\Util_File.php","Line":124}

Aug 27 2018 01:53:46
{"Number":2,"Message":"opendir(D:\\localdev\\htdocs\\impossible\/wp-content\/cache\\db\\options\\): failed to open dir: No such file or directory","File":"D:\\localdev\\htdocs\\impossible\\wp-content\\plugins\\w3-total-cache\\Util_File.php","Line":124}

Aug 27 2018 01:53:46
{"Number":2,"Message":"opendir(D:\\localdev\\htdocs\\impossible\/wp-content\/cache\\db\\options\\,D:\\localdev\\htdocs\\impossible\/wp-content\/cache\\db\\options\\): The system cannot find the file specified. (code: 2)","File":"D:\\localdev\\htdocs\\impossible\\wp-content\\plugins\\w3-total-cache\\Util_File.php","Line":124}

Aug 27 2018 01:53:46
{"Number":2,"Message":"opendir(D:\\localdev\\htdocs\\impossible\/wp-content\/cache\\db\\options\\): failed to open dir: No such file or directory","File":"D:\\localdev\\htdocs\\impossible\\wp-content\\plugins\\w3-total-cache\\Util_File.php","Line":124}

Aug 27 2018 01:53:47
{"Number":2,"Message":"opendir(D:\\localdev\\htdocs\\impossible\/wp-content\/cache\\db\\options\\,D:\\localdev\\htdocs\\impossible\/wp-content\/cache\\db\\options\\): The system cannot find the file specified. (code: 2)","File":"D:\\localdev\\htdocs\\impossible\\wp-content\\plugins\\w3-total-cache\\Util_File.php","Line":124}

Aug 27 2018 01:53:47
{"Number":2,"Message":"opendir(D:\\localdev\\htdocs\\impossible\/wp-content\/cache\\db\\options\\): failed to open dir: No such file or directory","File":"D:\\localdev\\htdocs\\impossible\\wp-content\\plugins\\w3-total-cache\\Util_File.php","Line":124}

Aug 27 2018 01:53:48
{"Number":2,"Message":"opendir(D:\\localdev\\htdocs\\impossible\/wp-content\/cache\\db\\options\\,D:\\localdev\\htdocs\\impossible\/wp-content\/cache\\db\\options\\): The system cannot find the file specified. (code: 2)","File":"D:\\localdev\\htdocs\\impossible\\wp-content\\plugins\\w3-total-cache\\Util_File.php","Line":124}

Aug 27 2018 01:53:48
{"Number":2,"Message":"opendir(D:\\localdev\\htdocs\\impossible\/wp-content\/cache\\db\\options\\): failed to open dir: No such file or directory","File":"D:\\localdev\\htdocs\\impossible\\wp-content\\plugins\\w3-total-cache\\Util_File.php","Line":124}

Aug 27 2018 01:53:49
{"Number":2,"Message":"opendir(D:\\localdev\\htdocs\\impossible\/wp-content\/cache\\db\\options\\,D:\\localdev\\htdocs\\impossible\/wp-content\/cache\\db\\options\\): The system cannot find the file specified. (code: 2)","File":"D:\\localdev\\htdocs\\impossible\\wp-content\\plugins\\w3-total-cache\\Util_File.php","Line":124}

Aug 27 2018 01:53:49
{"Number":2,"Message":"opendir(D:\\localdev\\htdocs\\impossible\/wp-content\/cache\\db\\options\\): failed to open dir: No such file or directory","File":"D:\\localdev\\htdocs\\impossible\\wp-content\\plugins\\w3-total-cache\\Util_File.php","Line":124}

Aug 27 2018 01:53:50
{"Number":2,"Message":"opendir(D:\\localdev\\htdocs\\impossible\/wp-content\/cache\\db\\options\\,D:\\localdev\\htdocs\\impossible\/wp-content\/cache\\db\\options\\): The system cannot find the file specified. (code: 2)","File":"D:\\localdev\\htdocs\\impossible\\wp-content\\plugins\\w3-total-cache\\Util_File.php","Line":124}

Aug 27 2018 01:53:50
{"Number":2,"Message":"opendir(D:\\localdev\\htdocs\\impossible\/wp-content\/cache\\db\\options\\): failed to open dir: No such file or directory","File":"D:\\localdev\\htdocs\\impossible\\wp-content\\plugins\\w3-total-cache\\Util_File.php","Line":124}

Aug 27 2018 01:53:51
{"type":2,"message":"opendir(D:\\localdev\\htdocs\\impossible\/wp-content\/cache\\db\\options\\): failed to open dir: No such file or directory","file":"D:\\localdev\\htdocs\\impossible\\wp-content\\plugins\\w3-total-cache\\Util_File.php","line":124}

Aug 27 2018 01:53:53
{"Number":2,"Message":"opendir(D:\\localdev\\htdocs\\impossible\/wp-content\/cache\\db\\options\\,D:\\localdev\\htdocs\\impossible\/wp-content\/cache\\db\\options\\): The system cannot find the file specified. (code: 2)","File":"D:\\localdev\\htdocs\\impossible\\wp-content\\plugins\\w3-total-cache\\Util_File.php","Line":124}

Aug 27 2018 01:53:53
{"Number":2,"Message":"opendir(D:\\localdev\\htdocs\\impossible\/wp-content\/cache\\db\\options\\): failed to open dir: No such file or directory","File":"D:\\localdev\\htdocs\\impossible\\wp-content\\plugins\\w3-total-cache\\Util_File.php","Line":124}

Aug 27 2018 01:53:53
{"Number":2,"Message":"opendir(D:\\localdev\\htdocs\\impossible\/wp-content\/cache\\db\\options\\,D:\\localdev\\htdocs\\impossible\/wp-content\/cache\\db\\options\\): The system cannot find the file specified. (code: 2)","File":"D:\\localdev\\htdocs\\impossible\\wp-content\\plugins\\w3-total-cache\\Util_File.php","Line":124}

Aug 27 2018 01:53:53
{"Number":2,"Message":"opendir(D:\\localdev\\htdocs\\impossible\/wp-content\/cache\\db\\options\\): failed to open dir: No such file or directory","File":"D:\\localdev\\htdocs\\impossible\\wp-content\\plugins\\w3-total-cache\\Util_File.php","Line":124}

Aug 27 2018 01:53:53
{"Number":2,"Message":"opendir(D:\\localdev\\htdocs\\impossible\/wp-content\/cache\\db\\options\\,D:\\localdev\\htdocs\\impossible\/wp-content\/cache\\db\\options\\): The system cannot find the file specified. (code: 2)","File":"D:\\localdev\\htdocs\\impossible\\wp-content\\plugins\\w3-total-cache\\Util_File.php","Line":124}

Aug 27 2018 01:53:53
{"Number":2,"Message":"opendir(D:\\localdev\\htdocs\\impossible\/wp-content\/cache\\db\\options\\): failed to open dir: No such file or directory","File":"D:\\localdev\\htdocs\\impossible\\wp-content\\plugins\\w3-total-cache\\Util_File.php","Line":124}

Aug 27 2018 01:53:53
{"Number":2,"Message":"opendir(D:\\localdev\\htdocs\\impossible\/wp-content\/cache\\db\\options\\,D:\\localdev\\htdocs\\impossible\/wp-content\/cache\\db\\options\\): The system cannot find the file specified. (code: 2)","File":"D:\\localdev\\htdocs\\impossible\\wp-content\\plugins\\w3-total-cache\\Util_File.php","Line":124}

Aug 27 2018 01:53:53
{"Number":2,"Message":"opendir(D:\\localdev\\htdocs\\impossible\/wp-content\/cache\\db\\options\\): failed to open dir: No such file or directory","File":"D:\\localdev\\htdocs\\impossible\\wp-content\\plugins\\w3-total-cache\\Util_File.php","Line":124}

Aug 27 2018 01:53:54
{"Number":2,"Message":"opendir(D:\\localdev\\htdocs\\impossible\/wp-content\/cache\\db\\options\\,D:\\localdev\\htdocs\\impossible\/wp-content\/cache\\db\\options\\): The system cannot find the file specified. (code: 2)","File":"D:\\localdev\\htdocs\\impossible\\wp-content\\plugins\\w3-total-cache\\Util_File.php","Line":124}

Aug 27 2018 01:53:54
{"Number":2,"Message":"opendir(D:\\localdev\\htdocs\\impossible\/wp-content\/cache\\db\\options\\): failed to open dir: No such file or directory","File":"D:\\localdev\\htdocs\\impossible\\wp-content\\plugins\\w3-total-cache\\Util_File.php","Line":124}

Aug 27 2018 01:53:54
{"Number":2,"Message":"opendir(D:\\localdev\\htdocs\\impossible\/wp-content\/cache\\db\\options\\,D:\\localdev\\htdocs\\impossible\/wp-content\/cache\\db\\options\\): The system cannot find the file specified. (code: 2)","File":"D:\\localdev\\htdocs\\impossible\\wp-content\\plugins\\w3-total-cache\\Util_File.php","Line":124}

Aug 27 2018 01:53:54
{"Number":2,"Message":"opendir(D:\\localdev\\htdocs\\impossible\/wp-content\/cache\\db\\options\\): failed to open dir: No such file or directory","File":"D:\\localdev\\htdocs\\impossible\\wp-content\\plugins\\w3-total-cache\\Util_File.php","Line":124}

Aug 27 2018 01:53:54
{"Number":2,"Message":"opendir(D:\\localdev\\htdocs\\impossible\/wp-content\/cache\\db\\options\\,D:\\localdev\\htdocs\\impossible\/wp-content\/cache\\db\\options\\): The system cannot find the file specified. (code: 2)","File":"D:\\localdev\\htdocs\\impossible\\wp-content\\plugins\\w3-total-cache\\Util_File.php","Line":124}

Aug 27 2018 01:53:54
{"Number":2,"Message":"opendir(D:\\localdev\\htdocs\\impossible\/wp-content\/cache\\db\\options\\): failed to open dir: No such file or directory","File":"D:\\localdev\\htdocs\\impossible\\wp-content\\plugins\\w3-total-cache\\Util_File.php","Line":124}

Aug 27 2018 01:53:54
{"Number":2,"Message":"opendir(D:\\localdev\\htdocs\\impossible\/wp-content\/cache\\db\\options\\,D:\\localdev\\htdocs\\impossible\/wp-content\/cache\\db\\options\\): The system cannot find the file specified. (code: 2)","File":"D:\\localdev\\htdocs\\impossible\\wp-content\\plugins\\w3-total-cache\\Util_File.php","Line":124}

Aug 27 2018 01:53:54
{"Number":2,"Message":"opendir(D:\\localdev\\htdocs\\impossible\/wp-content\/cache\\db\\options\\): failed to open dir: No such file or directory","File":"D:\\localdev\\htdocs\\impossible\\wp-content\\plugins\\w3-total-cache\\Util_File.php","Line":124}

Aug 27 2018 01:53:54
{"Number":2,"Message":"opendir(D:\\localdev\\htdocs\\impossible\/wp-content\/cache\\db\\options\\,D:\\localdev\\htdocs\\impossible\/wp-content\/cache\\db\\options\\): The system cannot find the file specified. (code: 2)","File":"D:\\localdev\\htdocs\\impossible\\wp-content\\plugins\\w3-total-cache\\Util_File.php","Line":124}

Aug 27 2018 01:53:54
{"Number":2,"Message":"opendir(D:\\localdev\\htdocs\\impossible\/wp-content\/cache\\db\\options\\): failed to open dir: No such file or directory","File":"D:\\localdev\\htdocs\\impossible\\wp-content\\plugins\\w3-total-cache\\Util_File.php","Line":124}

Aug 27 2018 01:53:54
{"Number":2,"Message":"opendir(D:\\localdev\\htdocs\\impossible\/wp-content\/cache\\db\\options\\,D:\\localdev\\htdocs\\impossible\/wp-content\/cache\\db\\options\\): The system cannot find the file specified. (code: 2)","File":"D:\\localdev\\htdocs\\impossible\\wp-content\\plugins\\w3-total-cache\\Util_File.php","Line":124}

Aug 27 2018 01:53:54
{"Number":2,"Message":"opendir(D:\\localdev\\htdocs\\impossible\/wp-content\/cache\\db\\options\\): failed to open dir: No such file or directory","File":"D:\\localdev\\htdocs\\impossible\\wp-content\\plugins\\w3-total-cache\\Util_File.php","Line":124}

Aug 27 2018 01:53:54
{"Number":2,"Message":"opendir(D:\\localdev\\htdocs\\impossible\/wp-content\/cache\\db\\options\\,D:\\localdev\\htdocs\\impossible\/wp-content\/cache\\db\\options\\): The system cannot find the file specified. (code: 2)","File":"D:\\localdev\\htdocs\\impossible\\wp-content\\plugins\\w3-total-cache\\Util_File.php","Line":124}

Aug 27 2018 01:53:54
{"Number":2,"Message":"opendir(D:\\localdev\\htdocs\\impossible\/wp-content\/cache\\db\\options\\): failed to open dir: No such file or directory","File":"D:\\localdev\\htdocs\\impossible\\wp-content\\plugins\\w3-total-cache\\Util_File.php","Line":124}

Aug 27 2018 01:53:54
{"Number":2,"Message":"opendir(D:\\localdev\\htdocs\\impossible\/wp-content\/cache\\db\\options\\,D:\\localdev\\htdocs\\impossible\/wp-content\/cache\\db\\options\\): The system cannot find the file specified. (code: 2)","File":"D:\\localdev\\htdocs\\impossible\\wp-content\\plugins\\w3-total-cache\\Util_File.php","Line":124}

Aug 27 2018 01:53:54
{"Number":2,"Message":"opendir(D:\\localdev\\htdocs\\impossible\/wp-content\/cache\\db\\options\\): failed to open dir: No such file or directory","File":"D:\\localdev\\htdocs\\impossible\\wp-content\\plugins\\w3-total-cache\\Util_File.php","Line":124}

Aug 27 2018 01:53:54
{"Number":2,"Message":"opendir(D:\\localdev\\htdocs\\impossible\/wp-content\/cache\\db\\options\\,D:\\localdev\\htdocs\\impossible\/wp-content\/cache\\db\\options\\): The system cannot find the file specified. (code: 2)","File":"D:\\localdev\\htdocs\\impossible\\wp-content\\plugins\\w3-total-cache\\Util_File.php","Line":124}

Aug 27 2018 01:53:54
{"Number":2,"Message":"opendir(D:\\localdev\\htdocs\\impossible\/wp-content\/cache\\db\\options\\): failed to open dir: No such file or directory","File":"D:\\localdev\\htdocs\\impossible\\wp-content\\plugins\\w3-total-cache\\Util_File.php","Line":124}

Aug 27 2018 01:53:54
{"Number":2,"Message":"opendir(D:\\localdev\\htdocs\\impossible\/wp-content\/cache\\db\\options\\,D:\\localdev\\htdocs\\impossible\/wp-content\/cache\\db\\options\\): The system cannot find the file specified. (code: 2)","File":"D:\\localdev\\htdocs\\impossible\\wp-content\\plugins\\w3-total-cache\\Util_File.php","Line":124}

Aug 27 2018 01:53:54
{"Number":2,"Message":"opendir(D:\\localdev\\htdocs\\impossible\/wp-content\/cache\\db\\options\\): failed to open dir: No such file or directory","File":"D:\\localdev\\htdocs\\impossible\\wp-content\\plugins\\w3-total-cache\\Util_File.php","Line":124}

Aug 27 2018 01:53:55
{"Number":2,"Message":"opendir(D:\\localdev\\htdocs\\impossible\/wp-content\/cache\\db\\options\\,D:\\localdev\\htdocs\\impossible\/wp-content\/cache\\db\\options\\): The system cannot find the file specified. (code: 2)","File":"D:\\localdev\\htdocs\\impossible\\wp-content\\plugins\\w3-total-cache\\Util_File.php","Line":124}

Aug 27 2018 01:53:55
{"Number":2,"Message":"opendir(D:\\localdev\\htdocs\\impossible\/wp-content\/cache\\db\\options\\): failed to open dir: No such file or directory","File":"D:\\localdev\\htdocs\\impossible\\wp-content\\plugins\\w3-total-cache\\Util_File.php","Line":124}

Aug 27 2018 01:53:55
{"Number":2,"Message":"opendir(D:\\localdev\\htdocs\\impossible\/wp-content\/cache\\db\\options\\,D:\\localdev\\htdocs\\impossible\/wp-content\/cache\\db\\options\\): The system cannot find the file specified. (code: 2)","File":"D:\\localdev\\htdocs\\impossible\\wp-content\\plugins\\w3-total-cache\\Util_File.php","Line":124}

Aug 27 2018 01:53:55
{"Number":2,"Message":"opendir(D:\\localdev\\htdocs\\impossible\/wp-content\/cache\\db\\options\\): failed to open dir: No such file or directory","File":"D:\\localdev\\htdocs\\impossible\\wp-content\\plugins\\w3-total-cache\\Util_File.php","Line":124}

Aug 27 2018 01:53:55
{"type":2,"message":"opendir(D:\\localdev\\htdocs\\impossible\/wp-content\/cache\\db\\options\\): failed to open dir: No such file or directory","file":"D:\\localdev\\htdocs\\impossible\\wp-content\\plugins\\w3-total-cache\\Util_File.php","line":124}

Aug 27 2018 01:53:57
{"Number":2,"Message":"opendir(D:\\localdev\\htdocs\\impossible\/wp-content\/cache\\db\\options\\,D:\\localdev\\htdocs\\impossible\/wp-content\/cache\\db\\options\\): The system cannot find the file specified. (code: 2)","File":"D:\\localdev\\htdocs\\impossible\\wp-content\\plugins\\w3-total-cache\\Util_File.php","Line":124}

Aug 27 2018 01:53:57
{"Number":2,"Message":"opendir(D:\\localdev\\htdocs\\impossible\/wp-content\/cache\\db\\options\\): failed to open dir: No such file or directory","File":"D:\\localdev\\htdocs\\impossible\\wp-content\\plugins\\w3-total-cache\\Util_File.php","Line":124}

Aug 27 2018 01:53:59
{"Number":2,"Message":"opendir(D:\\localdev\\htdocs\\impossible\/wp-content\/cache\\db\\options\\,D:\\localdev\\htdocs\\impossible\/wp-content\/cache\\db\\options\\): The system cannot find the file specified. (code: 2)","File":"D:\\localdev\\htdocs\\impossible\\wp-content\\plugins\\w3-total-cache\\Util_File.php","Line":124}

Aug 27 2018 01:53:59
{"Number":2,"Message":"opendir(D:\\localdev\\htdocs\\impossible\/wp-content\/cache\\db\\options\\): failed to open dir: No such file or directory","File":"D:\\localdev\\htdocs\\impossible\\wp-content\\plugins\\w3-total-cache\\Util_File.php","Line":124}

Aug 27 2018 01:53:59
{"type":2,"message":"opendir(D:\\localdev\\htdocs\\impossible\/wp-content\/cache\\db\\options\\): failed to open dir: No such file or directory","file":"D:\\localdev\\htdocs\\impossible\\wp-content\\plugins\\w3-total-cache\\Util_File.php","line":124}

Aug 27 2018 01:54:01
{"Number":2,"Message":"opendir(D:\\localdev\\htdocs\\impossible\/wp-content\/cache\\db\\options\\,D:\\localdev\\htdocs\\impossible\/wp-content\/cache\\db\\options\\): The system cannot find the file specified. (code: 2)","File":"D:\\localdev\\htdocs\\impossible\\wp-content\\plugins\\w3-total-cache\\Util_File.php","Line":124}

Aug 27 2018 01:54:01
{"Number":2,"Message":"opendir(D:\\localdev\\htdocs\\impossible\/wp-content\/cache\\db\\options\\): failed to open dir: No such file or directory","File":"D:\\localdev\\htdocs\\impossible\\wp-content\\plugins\\w3-total-cache\\Util_File.php","Line":124}

Aug 27 2018 01:54:01
{"Number":2,"Message":"opendir(D:\\localdev\\htdocs\\impossible\/wp-content\/cache\\db\\options\\,D:\\localdev\\htdocs\\impossible\/wp-content\/cache\\db\\options\\): The system cannot find the file specified. (code: 2)","File":"D:\\localdev\\htdocs\\impossible\\wp-content\\plugins\\w3-total-cache\\Util_File.php","Line":124}

Aug 27 2018 01:54:01
{"Number":2,"Message":"opendir(D:\\localdev\\htdocs\\impossible\/wp-content\/cache\\db\\options\\): failed to open dir: No such file or directory","File":"D:\\localdev\\htdocs\\impossible\\wp-content\\plugins\\w3-total-cache\\Util_File.php","Line":124}

Aug 27 2018 01:54:01
{"type":2,"message":"opendir(D:\\localdev\\htdocs\\impossible\/wp-content\/cache\\db\\options\\): failed to open dir: No such file or directory","file":"D:\\localdev\\htdocs\\impossible\\wp-content\\plugins\\w3-total-cache\\Util_File.php","line":124}

Aug 27 2018 01:54:03
{"Number":2,"Message":"opendir(D:\\localdev\\htdocs\\impossible\/wp-content\/cache\\db\\options\\,D:\\localdev\\htdocs\\impossible\/wp-content\/cache\\db\\options\\): The system cannot find the file specified. (code: 2)","File":"D:\\localdev\\htdocs\\impossible\\wp-content\\plugins\\w3-total-cache\\Util_File.php","Line":124}

Aug 27 2018 01:54:03
{"Number":2,"Message":"opendir(D:\\localdev\\htdocs\\impossible\/wp-content\/cache\\db\\options\\): failed to open dir: No such file or directory","File":"D:\\localdev\\htdocs\\impossible\\wp-content\\plugins\\w3-total-cache\\Util_File.php","Line":124}

Aug 27 2018 01:54:03
{"Number":2,"Message":"opendir(D:\\localdev\\htdocs\\impossible\/wp-content\/cache\\db\\options\\,D:\\localdev\\htdocs\\impossible\/wp-content\/cache\\db\\options\\): The system cannot find the file specified. (code: 2)","File":"D:\\localdev\\htdocs\\impossible\\wp-content\\plugins\\w3-total-cache\\Util_File.php","Line":124}

Aug 27 2018 01:54:03
{"Number":2,"Message":"opendir(D:\\localdev\\htdocs\\impossible\/wp-content\/cache\\db\\options\\): failed to open dir: No such file or directory","File":"D:\\localdev\\htdocs\\impossible\\wp-content\\plugins\\w3-total-cache\\Util_File.php","Line":124}

Aug 27 2018 01:54:04
{"type":2,"message":"opendir(D:\\localdev\\htdocs\\impossible\/wp-content\/cache\\db\\options\\): failed to open dir: No such file or directory","file":"D:\\localdev\\htdocs\\impossible\\wp-content\\plugins\\w3-total-cache\\Util_File.php","line":124}

Aug 27 2018 01:54:05
{"type":2,"message":"opendir(D:\\localdev\\htdocs\\impossible\/wp-content\/cache\\db\\options\\): failed to open dir: No such file or directory","file":"D:\\localdev\\htdocs\\impossible\\wp-content\\plugins\\w3-total-cache\\Util_File.php","line":124}

